{"total": {"lines":{"total":158,"covered":129,"skipped":0,"pct":81.65},"statements":{"total":162,"covered":133,"skipped":0,"pct":82.1},"functions":{"total":21,"covered":9,"skipped":0,"pct":42.86},"branches":{"total":48,"covered":36,"skipped":0,"pct":75}}
,"/Users/brent/Documents/hour-logger/api/__tests__/mocks/event.ts": {"lines":{"total":1,"covered":1,"skipped":0,"pct":100},"functions":{"total":0,"covered":0,"skipped":0,"pct":100},"statements":{"total":1,"covered":1,"skipped":0,"pct":100},"branches":{"total":0,"covered":0,"skipped":0,"pct":100}}
,"/Users/brent/Documents/hour-logger/api/__tests__/mocks/hours.ts": {"lines":{"total":1,"covered":1,"skipped":0,"pct":100},"functions":{"total":0,"covered":0,"skipped":0,"pct":100},"statements":{"total":1,"covered":1,"skipped":0,"pct":100},"branches":{"total":0,"covered":0,"skipped":0,"pct":100}}
,"/Users/brent/Documents/hour-logger/api/__tests__/mocks/user.ts": {"lines":{"total":7,"covered":7,"skipped":0,"pct":100},"functions":{"total":0,"covered":0,"skipped":0,"pct":100},"statements":{"total":7,"covered":7,"skipped":0,"pct":100},"branches":{"total":0,"covered":0,"skipped":0,"pct":100}}
,"/Users/brent/Documents/hour-logger/api/src/constants/errors.ts": {"lines":{"total":11,"covered":11,"skipped":0,"pct":100},"functions":{"total":0,"covered":0,"skipped":0,"pct":100},"statements":{"total":11,"covered":11,"skipped":0,"pct":100},"branches":{"total":0,"covered":0,"skipped":0,"pct":100}}
,"/Users/brent/Documents/hour-logger/api/src/constants/global.ts": {"lines":{"total":2,"covered":2,"skipped":0,"pct":100},"functions":{"total":0,"covered":0,"skipped":0,"pct":100},"statements":{"total":2,"covered":2,"skipped":0,"pct":100},"branches":{"total":0,"covered":0,"skipped":0,"pct":100}}
,"/Users/brent/Documents/hour-logger/api/src/handlers/hours.ts": {"lines":{"total":25,"covered":25,"skipped":0,"pct":100},"functions":{"total":1,"covered":1,"skipped":0,"pct":100},"statements":{"total":26,"covered":26,"skipped":0,"pct":100},"branches":{"total":6,"covered":6,"skipped":0,"pct":100}}
,"/Users/brent/Documents/hour-logger/api/src/handlers/users.ts": {"lines":{"total":55,"covered":53,"skipped":0,"pct":96.36},"functions":{"total":3,"covered":3,"skipped":0,"pct":100},"statements":{"total":58,"covered":56,"skipped":0,"pct":96.55},"branches":{"total":22,"covered":22,"skipped":0,"pct":100}}
,"/Users/brent/Documents/hour-logger/api/src/types/User.ts": {"lines":{"total":5,"covered":5,"skipped":0,"pct":100},"functions":{"total":1,"covered":1,"skipped":0,"pct":100},"statements":{"total":5,"covered":5,"skipped":0,"pct":100},"branches":{"total":2,"covered":2,"skipped":0,"pct":100}}
,"/Users/brent/Documents/hour-logger/api/src/util/dynamo.ts": {"lines":{"total":24,"covered":1,"skipped":0,"pct":4.17},"functions":{"total":12,"covered":0,"skipped":0,"pct":0},"statements":{"total":24,"covered":1,"skipped":0,"pct":4.17},"branches":{"total":10,"covered":0,"skipped":0,"pct":0}}
,"/Users/brent/Documents/hour-logger/api/src/util/hoursUtilities.ts": {"lines":{"total":23,"covered":19,"skipped":0,"pct":82.61},"functions":{"total":2,"covered":2,"skipped":0,"pct":100},"statements":{"total":23,"covered":19,"skipped":0,"pct":82.61},"branches":{"total":6,"covered":4,"skipped":0,"pct":66.67}}
,"/Users/brent/Documents/hour-logger/api/src/util/response.ts": {"lines":{"total":4,"covered":4,"skipped":0,"pct":100},"functions":{"total":2,"covered":2,"skipped":0,"pct":100},"statements":{"total":4,"covered":4,"skipped":0,"pct":100},"branches":{"total":2,"covered":2,"skipped":0,"pct":100}}
}
