{"total": {"lines":{"total":149,"covered":123,"skipped":0,"pct":82.55},"statements":{"total":153,"covered":127,"skipped":0,"pct":83.01},"functions":{"total":21,"covered":9,"skipped":0,"pct":42.86},"branches":{"total":42,"covered":30,"skipped":0,"pct":71.43}}
,"/Users/brent/Documents/hour-logger/api/__tests__/mocks/event.ts": {"lines":{"total":1,"covered":1,"skipped":0,"pct":100},"functions":{"total":0,"covered":0,"skipped":0,"pct":100},"statements":{"total":1,"covered":1,"skipped":0,"pct":100},"branches":{"total":0,"covered":0,"skipped":0,"pct":100}}
,"/Users/brent/Documents/hour-logger/api/__tests__/mocks/hours.ts": {"lines":{"total":1,"covered":1,"skipped":0,"pct":100},"functions":{"total":0,"covered":0,"skipped":0,"pct":100},"statements":{"total":1,"covered":1,"skipped":0,"pct":100},"branches":{"total":0,"covered":0,"skipped":0,"pct":100}}
,"/Users/brent/Documents/hour-logger/api/__tests__/mocks/user.ts": {"lines":{"total":7,"covered":7,"skipped":0,"pct":100},"functions":{"total":0,"covered":0,"skipped":0,"pct":100},"statements":{"total":7,"covered":7,"skipped":0,"pct":100},"branches":{"total":0,"covered":0,"skipped":0,"pct":100}}
,"/Users/brent/Documents/hour-logger/api/src/constants/errors.ts": {"lines":{"total":10,"covered":10,"skipped":0,"pct":100},"functions":{"total":0,"covered":0,"skipped":0,"pct":100},"statements":{"total":10,"covered":10,"skipped":0,"pct":100},"branches":{"total":0,"covered":0,"skipped":0,"pct":100}}
,"/Users/brent/Documents/hour-logger/api/src/constants/global.ts": {"lines":{"total":2,"covered":2,"skipped":0,"pct":100},"functions":{"total":0,"covered":0,"skipped":0,"pct":100},"statements":{"total":2,"covered":2,"skipped":0,"pct":100},"branches":{"total":0,"covered":0,"skipped":0,"pct":100}}
,"/Users/brent/Documents/hour-logger/api/src/handlers/hours.ts": {"lines":{"total":25,"covered":25,"skipped":0,"pct":100},"functions":{"total":1,"covered":1,"skipped":0,"pct":100},"statements":{"total":26,"covered":26,"skipped":0,"pct":100},"branches":{"total":6,"covered":6,"skipped":0,"pct":100}}
,"/Users/brent/Documents/hour-logger/api/src/handlers/users.ts": {"lines":{"total":48,"covered":48,"skipped":0,"pct":100},"functions":{"total":3,"covered":3,"skipped":0,"pct":100},"statements":{"total":51,"covered":51,"skipped":0,"pct":100},"branches":{"total":16,"covered":16,"skipped":0,"pct":100}}
,"/Users/brent/Documents/hour-logger/api/src/types/User.ts": {"lines":{"total":5,"covered":5,"skipped":0,"pct":100},"functions":{"total":1,"covered":1,"skipped":0,"pct":100},"statements":{"total":5,"covered":5,"skipped":0,"pct":100},"branches":{"total":2,"covered":2,"skipped":0,"pct":100}}
,"/Users/brent/Documents/hour-logger/api/src/util/dynamo.ts": {"lines":{"total":23,"covered":1,"skipped":0,"pct":4.35},"functions":{"total":12,"covered":0,"skipped":0,"pct":0},"statements":{"total":23,"covered":1,"skipped":0,"pct":4.35},"branches":{"total":10,"covered":0,"skipped":0,"pct":0}}
,"/Users/brent/Documents/hour-logger/api/src/util/hoursUtilities.ts": {"lines":{"total":23,"covered":19,"skipped":0,"pct":82.61},"functions":{"total":2,"covered":2,"skipped":0,"pct":100},"statements":{"total":23,"covered":19,"skipped":0,"pct":82.61},"branches":{"total":6,"covered":4,"skipped":0,"pct":66.67}}
,"/Users/brent/Documents/hour-logger/api/src/util/response.ts": {"lines":{"total":4,"covered":4,"skipped":0,"pct":100},"functions":{"total":2,"covered":2,"skipped":0,"pct":100},"statements":{"total":4,"covered":4,"skipped":0,"pct":100},"branches":{"total":2,"covered":2,"skipped":0,"pct":100}}
}
